[2026-07-09 16:27:25] ERROR - Error en login: 'rol'
[2026-07-09 16:27:42] ERROR - Error en login: 'rol'
[2026-07-09 16:27:59] ERROR - Error en login: 'rol'
[2026-07-09 16:28:11] ERROR - Error en login: 'rol'
[2026-07-09 17:41:54] INFO - Base de datos inicializada correctamente
[2026-07-09 17:41:54] INFO - Servidor UTP iniciado en http://localhost:8000
[2026-07-09 17:41:54] INFO - Usando PostgreSQL en la nube (Supabase)
[2026-07-09 17:42:08] ERROR - Error liberando espacios vencidos: operator does not exist: character varying = integer
LINE 1: ...E espacios_academicos SET estado = 1 WHERE estado = 2 AND id...
                                                             ^
HINT:  No operator matches the given name and argument types. You might need to add explicit type casts.

[2026-07-09 17:42:20] ERROR - Error en login: 'rol'
[2026-07-09 17:42:20] INFO - Login fallido para usuario: atorres
[2026-07-09 17:42:21] ERROR - Error liberando espacios vencidos: operator does not exist: character varying = integer
LINE 1: ...E espacios_academicos SET estado = 1 WHERE estado = 2 AND id...
                                                             ^
HINT:  No operator matches the given name and argument types. You might need to add explicit type casts.

[2026-07-09 17:42:24] ERROR - Error liberando espacios vencidos: operator does not exist: character varying = integer
LINE 1: ...E espacios_academicos SET estado = 1 WHERE estado = 2 AND id...
                                                             ^
HINT:  No operator matches the given name and argument types. You might need to add explicit type casts.

[2026-07-09 17:45:58] INFO - Migracion tipo columna ejecutada: ALTER TABLE espacios_academicos ADD COLUMN IF NOT EXISTS est...
[2026-07-09 17:45:58] INFO - Migracion tipo columna ejecutada: ALTER TABLE reservas ADD COLUMN IF NOT EXISTS estado_int SMA...
[2026-07-09 17:45:58] INFO - Migracion tipo columna ejecutada: ALTER TABLE usuarios ADD COLUMN IF NOT EXISTS estado_int SMA...
[2026-07-09 17:45:58] WARNING - Traslado de datos estado fallo: operator does not exist: smallint = character varying
LINE 1: ...T) = 'OCUPADO' THEN 2 ELSE 1 END WHERE estado_int IS DISTINC...
                                                             ^
HINT:  No operator matches the given name and argument types. You might need to add explicit type casts.

[2026-07-09 17:45:59] WARNING - Traslado de datos estado fallo: current transaction is aborted, commands ignored until end of transaction block

[2026-07-09 17:45:59] WARNING - Traslado de datos estado fallo: current transaction is aborted, commands ignored until end of transaction block

[2026-07-09 17:45:59] WARNING - No se pudo renombrar columna en espacios_academicos: current transaction is aborted, commands ignored until end of transaction block

[2026-07-09 17:45:59] WARNING - No se pudo renombrar columna en reservas: current transaction is aborted, commands ignored until end of transaction block

[2026-07-09 17:45:59] WARNING - No se pudo renombrar columna en usuarios: current transaction is aborted, commands ignored until end of transaction block

[2026-07-09 17:46:04] INFO - Base de datos inicializada correctamente
[2026-07-09 17:46:04] INFO - Servidor UTP iniciado en http://localhost:8000
[2026-07-09 17:46:04] INFO - Usando PostgreSQL en la nube (Supabase)
[2026-07-09 17:49:03] INFO - Migracion tipo columna ejecutada: ALTER TABLE espacios_academicos ADD COLUMN IF NOT EXISTS est...
[2026-07-09 17:49:04] INFO - Migracion tipo columna ejecutada: ALTER TABLE reservas ADD COLUMN IF NOT EXISTS estado_int SMA...
[2026-07-09 17:49:04] INFO - Migracion tipo columna ejecutada: ALTER TABLE usuarios ADD COLUMN IF NOT EXISTS estado_int SMA...
[2026-07-09 17:49:04] WARNING - Traslado de datos estado fallo: operator does not exist: smallint = character varying
LINE 1: ...T) = 'OCUPADO' THEN 2 ELSE 1 END WHERE estado_int IS DISTINC...
                                                             ^
HINT:  No operator matches the given name and argument types. You might need to add explicit type casts.

[2026-07-09 17:49:04] WARNING - Traslado de datos estado fallo: current transaction is aborted, commands ignored until end of transaction block

[2026-07-09 17:49:04] WARNING - Traslado de datos estado fallo: current transaction is aborted, commands ignored until end of transaction block

[2026-07-09 17:49:04] WARNING - No se pudo renombrar columna en espacios_academicos: current transaction is aborted, commands ignored until end of transaction block

[2026-07-09 17:49:05] WARNING - No se pudo renombrar columna en reservas: current transaction is aborted, commands ignored until end of transaction block

[2026-07-09 17:49:05] WARNING - No se pudo renombrar columna en usuarios: current transaction is aborted, commands ignored until end of transaction block

[2026-07-09 17:49:09] INFO - Base de datos inicializada correctamente
[2026-07-09 17:49:09] INFO - Servidor UTP iniciado en http://localhost:8000
[2026-07-09 17:49:09] INFO - Usando PostgreSQL en la nube (Supabase)
[2026-07-09 17:49:24] INFO - Columnas disponibles en usuarios: ['id_usuario', 'username', 'password_hash', 'nombre', 'correo', 'id_rol', 'estado', 'fecha_creacion', 'fecha_actualizacion']
[2026-07-09 17:49:24] INFO - Rol obtenido de tabla roles: Admin
[2026-07-09 17:50:05] INFO - Usuario no encontrado: obaylon
[2026-07-09 17:50:05] INFO - Login fallido para usuario: obaylon
[2026-07-09 17:50:18] INFO - Usuario no encontrado: obaylon
[2026-07-09 17:50:18] INFO - Login fallido para usuario: obaylon
[2026-07-09 17:52:21] INFO - Migracion tipo columna ejecutada: ALTER TABLE espacios_academicos ADD COLUMN IF NOT EXISTS est...
[2026-07-09 17:52:21] INFO - Migracion tipo columna ejecutada: ALTER TABLE reservas ADD COLUMN IF NOT EXISTS estado_int SMA...
[2026-07-09 17:52:21] INFO - Migracion tipo columna ejecutada: ALTER TABLE usuarios ADD COLUMN IF NOT EXISTS estado_int SMA...
[2026-07-09 17:52:21] WARNING - Traslado de datos estado fallo: operator does not exist: smallint = character varying
LINE 1: ...T) = 'OCUPADO' THEN 2 ELSE 1 END WHERE estado_int IS DISTINC...
                                                             ^
HINT:  No operator matches the given name and argument types. You might need to add explicit type casts.

[2026-07-09 17:52:21] WARNING - Traslado de datos estado fallo: current transaction is aborted, commands ignored until end of transaction block

[2026-07-09 17:52:21] WARNING - Traslado de datos estado fallo: current transaction is aborted, commands ignored until end of transaction block

[2026-07-09 17:52:22] WARNING - No se pudo renombrar columna en espacios_academicos: current transaction is aborted, commands ignored until end of transaction block

[2026-07-09 17:52:22] WARNING - No se pudo renombrar columna en reservas: current transaction is aborted, commands ignored until end of transaction block

[2026-07-09 17:52:22] WARNING - No se pudo renombrar columna en usuarios: current transaction is aborted, commands ignored until end of transaction block

[2026-07-09 17:52:27] INFO - Base de datos inicializada correctamente
[2026-07-09 17:52:27] INFO - Servidor UTP iniciado en http://localhost:8000
[2026-07-09 17:52:27] INFO - Usando PostgreSQL en la nube (Supabase)
[2026-07-09 17:52:40] INFO - Columnas disponibles en usuarios: ['id_usuario', 'username', 'password_hash', 'nombre', 'correo', 'id_rol', 'estado', 'fecha_creacion', 'fecha_actualizacion']
[2026-07-09 17:52:40] INFO - Rol obtenido de tabla roles: Admin
[2026-07-09 17:53:18] ERROR - Error obteniendo reservas: column e.tipo does not exist
LINE 1: SELECT r.*, e.nombre AS espacio_nombre, e.tipo, u.nombre AS ...
                                                ^

[2026-07-09 17:53:34] ERROR - Error en /admin/salones: [Errno 32] Broken pipe
[2026-07-09 17:53:37] ERROR - Error en /admin/salones: [Errno 32] Broken pipe
[2026-07-09 17:53:40] ERROR - Error en /admin/salones: [Errno 54] Connection reset by peer
[2026-07-09 17:53:43] ERROR - Error en /admin/salones: [Errno 32] Broken pipe
[2026-07-09 18:06:14] INFO - Migracion tipo columna ejecutada: ALTER TABLE espacios_academicos ADD COLUMN IF NOT EXISTS est...
[2026-07-09 18:06:15] INFO - Migracion tipo columna ejecutada: ALTER TABLE reservas ADD COLUMN IF NOT EXISTS estado_int SMA...
[2026-07-09 18:06:15] INFO - Migracion tipo columna ejecutada: ALTER TABLE usuarios ADD COLUMN IF NOT EXISTS estado_int SMA...
[2026-07-09 18:06:15] WARNING - Traslado de datos estado fallo: operator does not exist: smallint = character varying
LINE 1: ...T) = 'OCUPADO' THEN 2 ELSE 1 END WHERE estado_int IS DISTINC...
                                                             ^
HINT:  No operator matches the given name and argument types. You might need to add explicit type casts.

[2026-07-09 18:06:15] WARNING - Traslado de datos estado fallo: current transaction is aborted, commands ignored until end of transaction block

[2026-07-09 18:06:15] WARNING - Traslado de datos estado fallo: current transaction is aborted, commands ignored until end of transaction block

[2026-07-09 18:06:16] WARNING - No se pudo renombrar columna en espacios_academicos: current transaction is aborted, commands ignored until end of transaction block

[2026-07-09 18:06:16] WARNING - No se pudo renombrar columna en reservas: current transaction is aborted, commands ignored until end of transaction block

[2026-07-09 18:06:16] WARNING - No se pudo renombrar columna en usuarios: current transaction is aborted, commands ignored until end of transaction block

[2026-07-09 18:06:20] INFO - Base de datos inicializada correctamente
[2026-07-09 18:06:20] ERROR - Error iniciando servidor: [Errno 48] Address already in use
[2026-07-09 18:06:23] ERROR - Error obteniendo reservas: column e.tipo does not exist
LINE 1: SELECT r.*, e.nombre AS espacio_nombre, e.tipo, u.nombre AS ...
                                                ^

[2026-07-09 18:09:32] INFO - Migracion tipo columna ejecutada: ALTER TABLE espacios_academicos ADD COLUMN IF NOT EXISTS est...
[2026-07-09 18:09:33] INFO - Migracion tipo columna ejecutada: ALTER TABLE reservas ADD COLUMN IF NOT EXISTS estado_int SMA...
[2026-07-09 18:09:33] INFO - Migracion tipo columna ejecutada: ALTER TABLE usuarios ADD COLUMN IF NOT EXISTS estado_int SMA...
[2026-07-09 18:09:33] WARNING - Traslado de datos estado fallo: operator does not exist: smallint = character varying
LINE 1: ...T) = 'OCUPADO' THEN 2 ELSE 1 END WHERE estado_int IS DISTINC...
                                                             ^
HINT:  No operator matches the given name and argument types. You might need to add explicit type casts.

[2026-07-09 18:09:33] WARNING - Traslado de datos estado fallo: current transaction is aborted, commands ignored until end of transaction block

[2026-07-09 18:09:33] WARNING - Traslado de datos estado fallo: current transaction is aborted, commands ignored until end of transaction block

[2026-07-09 18:09:33] WARNING - No se pudo renombrar columna en espacios_academicos: current transaction is aborted, commands ignored until end of transaction block

[2026-07-09 18:09:34] WARNING - No se pudo renombrar columna en reservas: current transaction is aborted, commands ignored until end of transaction block

[2026-07-09 18:09:34] WARNING - No se pudo renombrar columna en usuarios: current transaction is aborted, commands ignored until end of transaction block

[2026-07-09 18:09:38] INFO - Base de datos inicializada correctamente
[2026-07-09 18:09:38] ERROR - Error iniciando servidor: [Errno 48] Address already in use
[2026-07-09 18:09:44] ERROR - Error obteniendo reservas: column e.tipo does not exist
LINE 1: SELECT r.*, e.nombre AS espacio_nombre, e.tipo, u.nombre AS ...
                                                ^

[2026-07-09 18:10:10] INFO - Migracion tipo columna ejecutada: ALTER TABLE espacios_academicos ADD COLUMN IF NOT EXISTS est...
[2026-07-09 18:10:10] INFO - Migracion tipo columna ejecutada: ALTER TABLE reservas ADD COLUMN IF NOT EXISTS estado_int SMA...
[2026-07-09 18:10:10] INFO - Migracion tipo columna ejecutada: ALTER TABLE usuarios ADD COLUMN IF NOT EXISTS estado_int SMA...
[2026-07-09 18:10:11] WARNING - Traslado de datos estado fallo: operator does not exist: smallint = character varying
LINE 1: ...T) = 'OCUPADO' THEN 2 ELSE 1 END WHERE estado_int IS DISTINC...
                                                             ^
HINT:  No operator matches the given name and argument types. You might need to add explicit type casts.

[2026-07-09 18:10:11] WARNING - Traslado de datos estado fallo: current transaction is aborted, commands ignored until end of transaction block

[2026-07-09 18:10:11] WARNING - Traslado de datos estado fallo: current transaction is aborted, commands ignored until end of transaction block

[2026-07-09 18:10:11] WARNING - No se pudo renombrar columna en espacios_academicos: current transaction is aborted, commands ignored until end of transaction block

[2026-07-09 18:10:11] WARNING - No se pudo renombrar columna en reservas: current transaction is aborted, commands ignored until end of transaction block

[2026-07-09 18:10:11] WARNING - No se pudo renombrar columna en usuarios: current transaction is aborted, commands ignored until end of transaction block

[2026-07-09 18:10:16] INFO - Base de datos inicializada correctamente
[2026-07-09 18:10:16] ERROR - Error iniciando servidor: [Errno 48] Address already in use
[2026-07-09 18:10:20] ERROR - Error obteniendo reservas: column e.tipo does not exist
LINE 1: SELECT r.*, e.nombre AS espacio_nombre, e.tipo, u.nombre AS ...
                                                ^

[2026-07-09 18:13:24] INFO - Migracion tipo columna ejecutada: ALTER TABLE espacios_academicos ADD COLUMN IF NOT EXISTS est...
[2026-07-09 18:13:24] INFO - Migracion tipo columna ejecutada: ALTER TABLE reservas ADD COLUMN IF NOT EXISTS estado_int SMA...
[2026-07-09 18:13:24] INFO - Migracion tipo columna ejecutada: ALTER TABLE usuarios ADD COLUMN IF NOT EXISTS estado_int SMA...
[2026-07-09 18:14:57] INFO - Migracion tipo columna ejecutada: ALTER TABLE espacios_academicos ADD COLUMN IF NOT EXISTS est...
[2026-07-09 18:14:58] INFO - Migracion tipo columna ejecutada: ALTER TABLE reservas ADD COLUMN IF NOT EXISTS estado_int SMA...
[2026-07-09 18:14:58] INFO - Migracion tipo columna ejecutada: ALTER TABLE usuarios ADD COLUMN IF NOT EXISTS estado_int SMA...
[2026-07-09 18:15:02] INFO - Base de datos inicializada correctamente
[2026-07-09 18:16:08] INFO - Migracion tipo columna ejecutada: ALTER TABLE espacios_academicos ADD COLUMN IF NOT EXISTS est...
[2026-07-09 18:16:09] INFO - Migracion tipo columna ejecutada: ALTER TABLE reservas ADD COLUMN IF NOT EXISTS estado_int SMA...
[2026-07-09 18:16:09] INFO - Migracion tipo columna ejecutada: ALTER TABLE usuarios ADD COLUMN IF NOT EXISTS estado_int SMA...
[2026-07-09 18:16:13] INFO - Base de datos inicializada correctamente
[2026-07-09 18:17:08] INFO - Migracion tipo columna ejecutada: ALTER TABLE espacios_academicos ADD COLUMN IF NOT EXISTS est...
[2026-07-09 18:17:08] INFO - Migracion tipo columna ejecutada: ALTER TABLE reservas ADD COLUMN IF NOT EXISTS estado_int SMA...
[2026-07-09 18:17:08] INFO - Migracion tipo columna ejecutada: ALTER TABLE usuarios ADD COLUMN IF NOT EXISTS estado_int SMA...
[2026-07-09 18:17:12] INFO - Base de datos inicializada correctamente
[2026-07-09 18:18:57] INFO - Migracion tipo columna ejecutada: ALTER TABLE espacios_academicos ADD COLUMN IF NOT EXISTS est...
[2026-07-09 18:18:57] INFO - Migracion tipo columna ejecutada: ALTER TABLE reservas ADD COLUMN IF NOT EXISTS estado_int SMA...
[2026-07-09 18:18:57] INFO - Migracion tipo columna ejecutada: ALTER TABLE usuarios ADD COLUMN IF NOT EXISTS estado_int SMA...
[2026-07-09 18:19:02] INFO - Base de datos inicializada correctamente
[2026-07-09 18:19:02] INFO - Servidor UTP iniciado en http://localhost:8000
[2026-07-09 18:19:02] INFO - Usando PostgreSQL en la nube (Supabase)
[2026-07-09 18:21:24] INFO - Migracion tipo columna ejecutada: ALTER TABLE espacios_academicos ADD COLUMN IF NOT EXISTS est...
[2026-07-09 18:21:24] INFO - Migracion tipo columna ejecutada: ALTER TABLE reservas ADD COLUMN IF NOT EXISTS estado_int SMA...
[2026-07-09 18:21:24] INFO - Migracion tipo columna ejecutada: ALTER TABLE usuarios ADD COLUMN IF NOT EXISTS estado_int SMA...
[2026-07-09 18:22:37] INFO - Migracion tipo columna ejecutada: ALTER TABLE espacios_academicos ADD COLUMN IF NOT EXISTS est...
[2026-07-09 18:22:37] INFO - Migracion tipo columna ejecutada: ALTER TABLE reservas ADD COLUMN IF NOT EXISTS estado_int SMA...
[2026-07-09 18:22:37] INFO - Migracion tipo columna ejecutada: ALTER TABLE usuarios ADD COLUMN IF NOT EXISTS estado_int SMA...
[2026-07-09 18:22:41] INFO - Base de datos inicializada correctamente
[2026-07-09 18:22:41] INFO - Servidor UTP iniciado en http://localhost:8000
[2026-07-09 18:22:41] INFO - Usando PostgreSQL en la nube (Supabase)
[2026-07-09 18:24:00] ERROR - DATABASE_URL no definida
[2026-07-09 18:24:22] INFO - Migracion tipo columna ejecutada: ALTER TABLE espacios_academicos ADD COLUMN IF NOT EXISTS est...
[2026-07-09 18:24:22] INFO - Migracion tipo columna ejecutada: ALTER TABLE reservas ADD COLUMN IF NOT EXISTS estado_int SMA...
[2026-07-09 18:24:22] INFO - Migracion tipo columna ejecutada: ALTER TABLE usuarios ADD COLUMN IF NOT EXISTS estado_int SMA...
[2026-07-09 18:24:26] INFO - Base de datos inicializada correctamente
[2026-07-09 18:24:26] INFO - Servidor UTP iniciado en http://localhost:8000
[2026-07-09 18:24:26] INFO - Usando PostgreSQL en la nube (Supabase)
[2026-07-09 18:25:02] INFO - Migracion tipo columna ejecutada: ALTER TABLE espacios_academicos ADD COLUMN IF NOT EXISTS est...
[2026-07-09 18:25:02] INFO - Migracion tipo columna ejecutada: ALTER TABLE reservas ADD COLUMN IF NOT EXISTS estado_int SMA...
[2026-07-09 18:25:03] INFO - Migracion tipo columna ejecutada: ALTER TABLE usuarios ADD COLUMN IF NOT EXISTS estado_int SMA...
[2026-07-09 18:25:14] ERROR - DATABASE_URL no definida
[2026-07-09 18:25:33] INFO - Migracion tipo columna ejecutada: ALTER TABLE espacios_academicos ADD COLUMN IF NOT EXISTS est...
[2026-07-09 18:25:33] INFO - Migracion tipo columna ejecutada: ALTER TABLE reservas ADD COLUMN IF NOT EXISTS estado_int SMA...
[2026-07-09 18:25:33] INFO - Migracion tipo columna ejecutada: ALTER TABLE usuarios ADD COLUMN IF NOT EXISTS estado_int SMA...
[2026-07-09 18:25:37] INFO - Base de datos inicializada correctamente
[2026-07-09 18:25:40] INFO - Migracion tipo columna ejecutada: ALTER TABLE espacios_academicos ADD COLUMN IF NOT EXISTS est...
[2026-07-09 18:25:40] INFO - Migracion tipo columna ejecutada: ALTER TABLE reservas ADD COLUMN IF NOT EXISTS estado_int SMA...
[2026-07-09 18:25:40] INFO - Migracion tipo columna ejecutada: ALTER TABLE usuarios ADD COLUMN IF NOT EXISTS estado_int SMA...
[2026-07-09 18:25:44] INFO - Base de datos inicializada correctamente
[2026-07-09 18:25:44] INFO - Servidor UTP iniciado en http://localhost:8000
[2026-07-09 18:25:44] INFO - Usando PostgreSQL en la nube (Supabase)
[2026-07-09 18:26:04] INFO - Migracion tipo columna ejecutada: ALTER TABLE espacios_academicos ADD COLUMN IF NOT EXISTS est...
[2026-07-09 18:26:05] INFO - Migracion tipo columna ejecutada: ALTER TABLE reservas ADD COLUMN IF NOT EXISTS estado_int SMA...
[2026-07-09 18:26:05] INFO - Migracion tipo columna ejecutada: ALTER TABLE usuarios ADD COLUMN IF NOT EXISTS estado_int SMA...
[2026-07-09 18:26:09] INFO - Base de datos inicializada correctamente
[2026-07-09 18:26:09] ERROR - Error iniciando servidor: [Errno 48] Address already in use
[2026-07-09 18:27:59] INFO - Columnas disponibles en usuarios: ['id_usuario', 'username', 'password_hash', 'nombre', 'correo', 'id_rol', 'estado', 'fecha_creacion', 'fecha_actualizacion', 'estado_int']
[2026-07-09 18:27:59] INFO - Rol obtenido de tabla roles: Admin
[2026-07-09 18:27:59] ERROR - Error en POST /login: [Errno 32] Broken pipe
[2026-07-09 18:28:22] INFO - Migracion tipo columna ejecutada: ALTER TABLE espacios_academicos ADD COLUMN IF NOT EXISTS est...
[2026-07-09 18:28:22] INFO - Migracion tipo columna ejecutada: ALTER TABLE reservas ADD COLUMN IF NOT EXISTS estado_int SMA...
[2026-07-09 18:28:22] INFO - Migracion tipo columna ejecutada: ALTER TABLE usuarios ADD COLUMN IF NOT EXISTS estado_int SMA...
[2026-07-09 18:28:26] INFO - Base de datos inicializada correctamente
[2026-07-09 18:28:26] ERROR - Error iniciando servidor: [Errno 48] Address already in use
[2026-07-09 18:29:18] INFO - Migracion tipo columna ejecutada: ALTER TABLE espacios_academicos ADD COLUMN IF NOT EXISTS est...
[2026-07-09 18:29:18] INFO - Migracion tipo columna ejecutada: ALTER TABLE reservas ADD COLUMN IF NOT EXISTS estado_int SMA...
[2026-07-09 18:29:18] INFO - Migracion tipo columna ejecutada: ALTER TABLE usuarios ADD COLUMN IF NOT EXISTS estado_int SMA...
[2026-07-09 18:29:22] INFO - Base de datos inicializada correctamente
[2026-07-09 18:29:22] INFO - Servidor UTP iniciado en http://localhost:8000
[2026-07-09 18:29:22] INFO - Usando PostgreSQL en la nube (Supabase)
[2026-07-09 18:29:45] INFO - Migracion tipo columna ejecutada: ALTER TABLE espacios_academicos ADD COLUMN IF NOT EXISTS est...
[2026-07-09 18:29:45] INFO - Migracion tipo columna ejecutada: ALTER TABLE reservas ADD COLUMN IF NOT EXISTS estado_int SMA...
[2026-07-09 18:29:45] INFO - Migracion tipo columna ejecutada: ALTER TABLE usuarios ADD COLUMN IF NOT EXISTS estado_int SMA...
[2026-07-09 18:29:50] INFO - Base de datos inicializada correctamente
[2026-07-09 18:29:50] ERROR - Error iniciando servidor: [Errno 48] Address already in use
[2026-07-09 18:30:42] INFO - Migracion tipo columna ejecutada: ALTER TABLE espacios_academicos ADD COLUMN IF NOT EXISTS est...
[2026-07-09 18:30:42] INFO - Migracion tipo columna ejecutada: ALTER TABLE reservas ADD COLUMN IF NOT EXISTS estado_int SMA...
[2026-07-09 18:30:42] INFO - Migracion tipo columna ejecutada: ALTER TABLE usuarios ADD COLUMN IF NOT EXISTS estado_int SMA...
[2026-07-09 18:30:47] INFO - Base de datos inicializada correctamente
[2026-07-09 18:30:47] INFO - Servidor UTP iniciado en http://localhost:8000
[2026-07-09 18:30:47] INFO - Usando PostgreSQL en la nube (Supabase)
[2026-07-09 18:32:07] INFO - Migracion tipo columna ejecutada: ALTER TABLE espacios_academicos ADD COLUMN IF NOT EXISTS est...
[2026-07-09 18:32:07] INFO - Migracion tipo columna ejecutada: ALTER TABLE reservas ADD COLUMN IF NOT EXISTS estado_int SMA...
[2026-07-09 18:32:07] INFO - Migracion tipo columna ejecutada: ALTER TABLE usuarios ADD COLUMN IF NOT EXISTS estado_int SMA...
[2026-07-09 18:32:11] INFO - Base de datos inicializada correctamente
[2026-07-09 18:32:11] INFO - Servidor UTP iniciado en http://localhost:8000
[2026-07-09 18:32:11] INFO - Usando PostgreSQL en la nube (Supabase)
[2026-07-09 18:32:15] INFO - Columnas disponibles en usuarios: ['id_usuario', 'username', 'password_hash', 'nombre', 'correo', 'id_rol', 'estado', 'fecha_creacion', 'fecha_actualizacion', 'estado_int']
[2026-07-09 18:32:15] INFO - Rol obtenido de tabla roles: Admin
[2026-07-09 18:33:53] INFO - Migracion tipo columna ejecutada: ALTER TABLE espacios_academicos ADD COLUMN IF NOT EXISTS est...
[2026-07-09 18:33:53] INFO - Migracion tipo columna ejecutada: ALTER TABLE reservas ADD COLUMN IF NOT EXISTS estado_int SMA...
[2026-07-09 18:33:53] INFO - Migracion tipo columna ejecutada: ALTER TABLE usuarios ADD COLUMN IF NOT EXISTS estado_int SMA...
[2026-07-09 18:33:57] INFO - Base de datos inicializada correctamente
[2026-07-09 18:33:57] INFO - Servidor UTP iniciado en http://localhost:8000
[2026-07-09 18:33:57] INFO - Usando PostgreSQL en la nube (Supabase)
[2026-07-09 18:34:01] INFO - Columnas disponibles en usuarios: ['id_usuario', 'username', 'password_hash', 'nombre', 'correo', 'id_rol', 'estado', 'fecha_creacion', 'fecha_actualizacion', 'estado_int']
[2026-07-09 18:34:01] INFO - Rol obtenido de tabla roles: Admin
[2026-07-09 18:36:28] INFO - Password incorrecto para: jquispe
[2026-07-09 18:36:28] INFO - Login fallido para usuario: jquispe
[2026-07-09 18:37:33] INFO - Migracion tipo columna ejecutada: ALTER TABLE espacios_academicos ADD COLUMN IF NOT EXISTS est...
[2026-07-09 18:37:34] INFO - Migracion tipo columna ejecutada: ALTER TABLE reservas ADD COLUMN IF NOT EXISTS estado_int SMA...
[2026-07-09 18:37:35] INFO - Migracion tipo columna ejecutada: ALTER TABLE usuarios ADD COLUMN IF NOT EXISTS estado_int SMA...
[2026-07-09 18:37:40] INFO - Base de datos inicializada correctamente
[2026-07-09 18:37:40] ERROR - Error iniciando servidor: [Errno 48] Address already in use
[2026-07-09 18:38:20] INFO - Migracion tipo columna ejecutada: ALTER TABLE espacios_academicos ADD COLUMN IF NOT EXISTS est...
[2026-07-09 18:38:21] INFO - Migracion tipo columna ejecutada: ALTER TABLE reservas ADD COLUMN IF NOT EXISTS estado_int SMA...
[2026-07-09 18:38:21] INFO - Migracion tipo columna ejecutada: ALTER TABLE usuarios ADD COLUMN IF NOT EXISTS estado_int SMA...
[2026-07-09 18:38:25] INFO - Base de datos inicializada correctamente
[2026-07-09 18:38:25] ERROR - Error iniciando servidor: [Errno 48] Address already in use
[2026-07-09 18:39:07] INFO - Migracion tipo columna ejecutada: ALTER TABLE espacios_academicos ADD COLUMN IF NOT EXISTS est...
[2026-07-09 18:39:08] INFO - Migracion tipo columna ejecutada: ALTER TABLE reservas ADD COLUMN IF NOT EXISTS estado_int SMA...
[2026-07-09 18:39:08] INFO - Migracion tipo columna ejecutada: ALTER TABLE usuarios ADD COLUMN IF NOT EXISTS estado_int SMA...
[2026-07-09 18:39:12] INFO - Base de datos inicializada correctamente
[2026-07-09 18:39:12] INFO - Servidor UTP iniciado en http://localhost:8000
[2026-07-09 18:39:12] INFO - Usando PostgreSQL en la nube (Supabase)
[2026-07-09 18:40:53] INFO - Migracion tipo columna ejecutada: ALTER TABLE espacios_academicos ADD COLUMN IF NOT EXISTS est...
[2026-07-09 18:40:53] INFO - Migracion tipo columna ejecutada: ALTER TABLE reservas ADD COLUMN IF NOT EXISTS estado_int SMA...
[2026-07-09 18:40:53] INFO - Migracion tipo columna ejecutada: ALTER TABLE usuarios ADD COLUMN IF NOT EXISTS estado_int SMA...
[2026-07-09 18:40:57] INFO - Base de datos inicializada correctamente
[2026-07-09 18:40:57] INFO - Servidor UTP iniciado en http://localhost:8000
[2026-07-09 18:40:57] INFO - Usando PostgreSQL en la nube (Supabase)
[2026-07-09 18:41:23] INFO - Usuario no encontrado: obaylon
[2026-07-09 18:41:23] INFO - Login fallido para usuario: obaylon
[2026-07-09 18:41:51] INFO - Usuario no encontrado: obaylon
[2026-07-09 18:41:51] INFO - Login fallido para usuario: obaylon
[2026-07-09 18:43:13] INFO - Columnas disponibles en usuarios: ['id_usuario', 'username', 'password_hash', 'nombre', 'correo', 'id_rol', 'estado', 'fecha_creacion', 'fecha_actualizacion', 'estado_int']
[2026-07-09 18:43:13] INFO - Rol obtenido de tabla roles: Docente
[2026-07-09 18:45:05] INFO - Migracion tipo columna ejecutada: ALTER TABLE espacios_academicos ADD COLUMN IF NOT EXISTS est...
[2026-07-09 18:45:06] INFO - Migracion tipo columna ejecutada: ALTER TABLE reservas ADD COLUMN IF NOT EXISTS estado_int SMA...
[2026-07-09 18:45:06] INFO - Migracion tipo columna ejecutada: ALTER TABLE usuarios ADD COLUMN IF NOT EXISTS estado_int SMA...
[2026-07-09 18:45:10] INFO - Base de datos inicializada correctamente
[2026-07-09 18:45:10] INFO - Servidor UTP iniciado en http://localhost:8000
[2026-07-09 18:45:10] INFO - Usando PostgreSQL en la nube (Supabase)
[2026-07-09 18:46:37] INFO - Migracion tipo columna ejecutada: ALTER TABLE espacios_academicos ADD COLUMN IF NOT EXISTS est...
[2026-07-09 18:46:37] INFO - Migracion tipo columna ejecutada: ALTER TABLE reservas ADD COLUMN IF NOT EXISTS estado_int SMA...
[2026-07-09 18:46:37] INFO - Migracion tipo columna ejecutada: ALTER TABLE usuarios ADD COLUMN IF NOT EXISTS estado_int SMA...
[2026-07-09 18:46:42] INFO - Base de datos inicializada correctamente
[2026-07-09 18:46:42] INFO - Servidor UTP iniciado en http://localhost:8000
[2026-07-09 18:46:42] INFO - Usando PostgreSQL en la nube (Supabase)
[2026-07-09 18:48:09] INFO - Migracion tipo columna ejecutada: ALTER TABLE espacios_academicos ADD COLUMN IF NOT EXISTS est...
[2026-07-09 18:48:09] INFO - Migracion tipo columna ejecutada: ALTER TABLE reservas ADD COLUMN IF NOT EXISTS estado_int SMA...
[2026-07-09 18:48:09] INFO - Migracion tipo columna ejecutada: ALTER TABLE usuarios ADD COLUMN IF NOT EXISTS estado_int SMA...
[2026-07-09 18:48:13] INFO - Base de datos inicializada correctamente
[2026-07-09 18:48:13] INFO - Servidor UTP iniciado en http://localhost:8000
[2026-07-09 18:48:13] INFO - Usando PostgreSQL en la nube (Supabase)
[2026-07-09 18:51:08] INFO - Migracion tipo columna ejecutada: ALTER TABLE espacios_academicos ADD COLUMN IF NOT EXISTS est...
[2026-07-09 18:51:08] INFO - Migracion tipo columna ejecutada: ALTER TABLE reservas ADD COLUMN IF NOT EXISTS estado_int SMA...
[2026-07-09 18:51:09] INFO - Migracion tipo columna ejecutada: ALTER TABLE usuarios ADD COLUMN IF NOT EXISTS estado_int SMA...
[2026-07-09 18:51:13] INFO - Base de datos inicializada correctamente
[2026-07-09 18:51:13] INFO - Servidor UTP iniciado en http://localhost:8000
[2026-07-09 18:51:13] INFO - Usando PostgreSQL en la nube (Supabase)
